<?xml version="1.0" encoding="UTF-8"?>
<testsuite name="musicapi.hernegren.utilities.ApiUtilitiesTest" tests="4" skipped="0" failures="0" errors="0" timestamp="2016-11-14T19:14:49" hostname="Supacomp" time="0.01">
  <properties/>
  <testcase name="getWikiUrl" classname="musicapi.hernegren.utilities.ApiUtilitiesTest" time="0.007"/>
  <testcase name="findJsonValue" classname="musicapi.hernegren.utilities.ApiUtilitiesTest" time="0.0"/>
  <testcase name="getBadWikiUrl" classname="musicapi.hernegren.utilities.ApiUtilitiesTest" time="0.001"/>
  <testcase name="findJsonValueAllMatches" classname="musicapi.hernegren.utilities.ApiUtilitiesTest" time="0.001"/>
  <system-out><![CDATA[]]></system-out>
  <system-err><![CDATA[]]></system-err>
</testsuite>
